2023-11-02 00:20:26,208 [INFO] Activator:177 - 


2023-11-02 00:20:26,208 [INFO] Activator:178 - !SESSION log4j initialized
2023-11-02 00:20:29,719 [INFO] McuFinderGlobals:39 - Set McuFinder mode to 2 (CubeIDE integrated)
2023-11-02 00:20:31,536 [INFO] ApplicationProperties:181 - Using Application install path: D:\DaiHoc\HK5\VXL\stm32cubeide_1.7.0\STM32CubeIDE\plugins\com.st.stm32cube.common.mx_6.3.0.202107141111
2023-11-02 00:20:31,552 [INFO] DbMcusXml:74 - Set database path to: D:\DaiHoc\HK5\VXL\stm32cubeide_1.7.0\STM32CubeIDE\plugins\com.st.stm32cube.common.mx_6.3.0.202107141111\\db\/mcu/
2023-11-02 00:20:31,552 [INFO] DbBoardsPdsc:56 - Set plugin database path to: D:\DaiHoc\HK5\VXL\stm32cubeide_1.7.0\STM32CubeIDE\plugins\com.st.stm32cube.common.mx_6.3.0.202107141111\\db\/plugins/boardmanager/
2023-11-02 00:20:31,552 [INFO] DbMcus:258 - Set plugin images path to: D:\DaiHoc\HK5\VXL\stm32cubeide_1.7.0\STM32CubeIDE\plugins\com.st.stm32cube.common.mx_6.3.0.202107141111\\db\/plugins/mcufinder/images/
2023-11-02 00:20:31,552 [INFO] DbBoards:264 - Set plugin images path to: D:\DaiHoc\HK5\VXL\stm32cubeide_1.7.0\STM32CubeIDE\plugins\com.st.stm32cube.common.mx_6.3.0.202107141111\\db\/plugins/mcufinder/images/
2023-11-02 00:20:31,552 [INFO] DbExamples:333 - Set plugin images path to: D:\DaiHoc\HK5\VXL\stm32cubeide_1.7.0\STM32CubeIDE\plugins\com.st.stm32cube.common.mx_6.3.0.202107141111\\db\/plugins/mcufinder/images/
2023-11-02 00:20:31,583 [INFO] DbMcusAds:119 - Set database path to: C:\Users\Admin\.stmcufinder\plugins\mcufinder//mcu/
2023-11-02 00:20:31,583 [INFO] DbMcusDocs:110 - Set database path to: C:\Users\Admin\.stmcufinder\plugins\mcufinder//mcu/
2023-11-02 00:20:31,583 [INFO] DbMcusJson:64 - Set database path to: C:\Users\Admin\.stmcufinder\plugins\mcufinder//mcu/
2023-11-02 00:20:31,583 [INFO] DbBoardsDocs:110 - Set database path to: C:\Users\Admin\.stmcufinder\plugins\mcufinder//mcu/
2023-11-02 00:20:31,583 [INFO] DbBoardsJson:57 - Set database path to: C:\Users\Admin\.stmcufinder\plugins\mcufinder//mcu/
2023-11-02 00:20:31,583 [INFO] CrossReferenceDbSqlite:196 - Set database path to: C:\Users\Admin\.stmcufinder\plugins\mcufinder//mcu/cs/
2023-11-02 00:20:31,583 [INFO] DbExamplesSqlite:767 - Set database path to: C:\Users\Admin\.stmcufinder\plugins\mcufinder//mcu/
2023-11-02 00:20:31,702 [INFO] RulesReader:57 - Compatibility file has been processed (242 Rules)
2023-11-02 00:20:31,807 [INFO] DbMcusXml:74 - Set database path to: D:\DaiHoc\HK5\VXL\stm32cubeide_1.7.0\STM32CubeIDE\plugins\com.st.stm32cube.common.mx_6.3.0.202107141111\\db\/mcu/
2023-11-02 00:20:31,807 [INFO] DbBoardsPdsc:56 - Set plugin database path to: D:\DaiHoc\HK5\VXL\stm32cubeide_1.7.0\STM32CubeIDE\plugins\com.st.stm32cube.common.mx_6.3.0.202107141111\\db\/plugins/boardmanager/
2023-11-02 00:20:31,807 [INFO] DbMcus:258 - Set plugin images path to: D:\DaiHoc\HK5\VXL\stm32cubeide_1.7.0\STM32CubeIDE\plugins\com.st.stm32cube.common.mx_6.3.0.202107141111\\db\/plugins/mcufinder/images/
2023-11-02 00:20:31,807 [INFO] DbBoards:264 - Set plugin images path to: D:\DaiHoc\HK5\VXL\stm32cubeide_1.7.0\STM32CubeIDE\plugins\com.st.stm32cube.common.mx_6.3.0.202107141111\\db\/plugins/mcufinder/images/
2023-11-02 00:20:31,807 [INFO] DbExamples:333 - Set plugin images path to: D:\DaiHoc\HK5\VXL\stm32cubeide_1.7.0\STM32CubeIDE\plugins\com.st.stm32cube.common.mx_6.3.0.202107141111\\db\/plugins/mcufinder/images/
2023-11-02 00:20:31,807 [WARN] DbFile:35 - Overriding database path with different value: C:\Users\Admin\.stmcufinder\plugins\mcufinder/ => C:\Users\Admin\.stmcufinder\plugins\mcufinder
2023-11-02 00:20:31,807 [INFO] DbMcusAds:119 - Set database path to: C:\Users\Admin\.stmcufinder\plugins\mcufinder//mcu/
2023-11-02 00:20:31,807 [WARN] DbFile:35 - Overriding database path with different value: C:\Users\Admin\.stmcufinder\plugins\mcufinder/ => C:\Users\Admin\.stmcufinder\plugins\mcufinder
2023-11-02 00:20:31,807 [INFO] DbMcusDocs:110 - Set database path to: C:\Users\Admin\.stmcufinder\plugins\mcufinder//mcu/
2023-11-02 00:20:31,807 [WARN] DbFile:35 - Overriding database path with different value: C:\Users\Admin\.stmcufinder\plugins\mcufinder/ => C:\Users\Admin\.stmcufinder\plugins\mcufinder
2023-11-02 00:20:31,807 [INFO] DbMcusJson:64 - Set database path to: C:\Users\Admin\.stmcufinder\plugins\mcufinder//mcu/
2023-11-02 00:20:31,807 [WARN] DbFile:35 - Overriding database path with different value: C:\Users\Admin\.stmcufinder\plugins\mcufinder/ => C:\Users\Admin\.stmcufinder\plugins\mcufinder
2023-11-02 00:20:31,807 [INFO] DbBoardsDocs:110 - Set database path to: C:\Users\Admin\.stmcufinder\plugins\mcufinder//mcu/
2023-11-02 00:20:31,807 [WARN] DbFile:35 - Overriding database path with different value: C:\Users\Admin\.stmcufinder\plugins\mcufinder/ => C:\Users\Admin\.stmcufinder\plugins\mcufinder
2023-11-02 00:20:31,807 [INFO] DbBoardsJson:57 - Set database path to: C:\Users\Admin\.stmcufinder\plugins\mcufinder//mcu/
2023-11-02 00:20:31,807 [WARN] DbFile:35 - Overriding database path with different value: C:\Users\Admin\.stmcufinder\plugins\mcufinder/ => C:\Users\Admin\.stmcufinder\plugins\mcufinder
2023-11-02 00:20:31,807 [WARN] DbFile:35 - Overriding database path with different value: C:\Users\Admin\.stmcufinder\plugins\mcufinder/ => C:\Users\Admin\.stmcufinder\plugins\mcufinder
2023-11-02 00:20:31,807 [INFO] CrossReferenceDbSqlite:196 - Set database path to: C:\Users\Admin\.stmcufinder\plugins\mcufinder//mcu/cs/
2023-11-02 00:20:31,807 [WARN] DbFile:35 - Overriding database path with different value: C:\Users\Admin\.stmcufinder\plugins\mcufinder/ => C:\Users\Admin\.stmcufinder\plugins\mcufinder
2023-11-02 00:20:31,807 [INFO] DbExamplesSqlite:767 - Set database path to: C:\Users\Admin\.stmcufinder\plugins\mcufinder//mcu/
2023-11-02 00:20:31,886 [INFO] MainPanel:214 - HeapMemory: 268435456
2023-11-02 00:20:32,011 [INFO] DbMcusXml:74 - Set database path to: D:\DaiHoc\HK5\VXL\stm32cubeide_1.7.0\STM32CubeIDE\plugins\com.st.stm32cube.common.mx_6.3.0.202107141111\\db\/mcu/
2023-11-02 00:20:32,011 [INFO] DbBoardsPdsc:56 - Set plugin database path to: D:\DaiHoc\HK5\VXL\stm32cubeide_1.7.0\STM32CubeIDE\plugins\com.st.stm32cube.common.mx_6.3.0.202107141111\\db\/plugins/boardmanager/
2023-11-02 00:20:32,011 [INFO] DbMcus:258 - Set plugin images path to: D:\DaiHoc\HK5\VXL\stm32cubeide_1.7.0\STM32CubeIDE\plugins\com.st.stm32cube.common.mx_6.3.0.202107141111\\db\/plugins/mcufinder/images/
2023-11-02 00:20:32,011 [INFO] DbBoards:264 - Set plugin images path to: D:\DaiHoc\HK5\VXL\stm32cubeide_1.7.0\STM32CubeIDE\plugins\com.st.stm32cube.common.mx_6.3.0.202107141111\\db\/plugins/mcufinder/images/
2023-11-02 00:20:32,011 [INFO] DbExamples:333 - Set plugin images path to: D:\DaiHoc\HK5\VXL\stm32cubeide_1.7.0\STM32CubeIDE\plugins\com.st.stm32cube.common.mx_6.3.0.202107141111\\db\/plugins/mcufinder/images/
2023-11-02 00:20:32,011 [WARN] DbFile:35 - Overriding database path with different value: C:\Users\Admin\.stmcufinder\plugins\mcufinder/ => C:\Users\Admin\.stmcufinder\plugins\mcufinder
2023-11-02 00:20:32,011 [INFO] DbMcusAds:119 - Set database path to: C:\Users\Admin\.stmcufinder\plugins\mcufinder//mcu/
2023-11-02 00:20:32,011 [WARN] DbFile:35 - Overriding database path with different value: C:\Users\Admin\.stmcufinder\plugins\mcufinder/ => C:\Users\Admin\.stmcufinder\plugins\mcufinder
2023-11-02 00:20:32,011 [INFO] DbMcusDocs:110 - Set database path to: C:\Users\Admin\.stmcufinder\plugins\mcufinder//mcu/
2023-11-02 00:20:32,011 [WARN] DbFile:35 - Overriding database path with different value: C:\Users\Admin\.stmcufinder\plugins\mcufinder/ => C:\Users\Admin\.stmcufinder\plugins\mcufinder
2023-11-02 00:20:32,011 [INFO] DbMcusJson:64 - Set database path to: C:\Users\Admin\.stmcufinder\plugins\mcufinder//mcu/
2023-11-02 00:20:32,011 [WARN] DbFile:35 - Overriding database path with different value: C:\Users\Admin\.stmcufinder\plugins\mcufinder/ => C:\Users\Admin\.stmcufinder\plugins\mcufinder
2023-11-02 00:20:32,011 [INFO] DbBoardsDocs:110 - Set database path to: C:\Users\Admin\.stmcufinder\plugins\mcufinder//mcu/
2023-11-02 00:20:32,011 [WARN] DbFile:35 - Overriding database path with different value: C:\Users\Admin\.stmcufinder\plugins\mcufinder/ => C:\Users\Admin\.stmcufinder\plugins\mcufinder
2023-11-02 00:20:32,011 [INFO] DbBoardsJson:57 - Set database path to: C:\Users\Admin\.stmcufinder\plugins\mcufinder//mcu/
2023-11-02 00:20:32,011 [WARN] DbFile:35 - Overriding database path with different value: C:\Users\Admin\.stmcufinder\plugins\mcufinder/ => C:\Users\Admin\.stmcufinder\plugins\mcufinder
2023-11-02 00:20:32,011 [WARN] DbFile:35 - Overriding database path with different value: C:\Users\Admin\.stmcufinder\plugins\mcufinder/ => C:\Users\Admin\.stmcufinder\plugins\mcufinder
2023-11-02 00:20:32,011 [INFO] CrossReferenceDbSqlite:196 - Set database path to: C:\Users\Admin\.stmcufinder\plugins\mcufinder//mcu/cs/
2023-11-02 00:20:32,011 [WARN] DbFile:35 - Overriding database path with different value: C:\Users\Admin\.stmcufinder\plugins\mcufinder/ => C:\Users\Admin\.stmcufinder\plugins\mcufinder
2023-11-02 00:20:32,011 [INFO] DbExamplesSqlite:767 - Set database path to: C:\Users\Admin\.stmcufinder\plugins\mcufinder//mcu/
2023-11-02 00:20:32,036 [INFO] ApplicationProperties:181 - Using Application install path: D:\DaiHoc\HK5\VXL\stm32cubeide_1.7.0\STM32CubeIDE\plugins\com.st.stm32cube.common.mx_6.3.0.202107141111
2023-11-02 00:20:32,036 [INFO] PluginManage:188 - Search for loadable plugins [exclusion list=, ]
2023-11-02 00:20:32,043 [INFO] PluginManage:302 - Check plugin analytics
2023-11-02 00:20:32,204 [INFO] AnalyticsPlugin:257 - Accepted Software Licenses: 
2023-11-02 00:20:32,204 [INFO] AnalyticsPlugin:259 - Accepted CMSIS Pack Licenses: 
2023-11-02 00:20:32,204 [INFO] AnalyticsPlugin:261 - Accepted Firmware Licenses: 
2023-11-02 00:20:32,204 [INFO] PluginManage:352 - Loaded plugin analytics (category:tool,tabindex:-1)
2023-11-02 00:20:32,204 [INFO] PluginManage:302 - Check plugin clock
2023-11-02 00:20:32,218 [INFO] PluginManage:352 - Loaded plugin clock (category:base,tabindex:2)
2023-11-02 00:20:32,218 [INFO] PluginManage:302 - Check plugin ddr
2023-11-02 00:20:32,218 [INFO] PluginManage:352 - Loaded plugin ddr (category:tool,tabindex:6)
2023-11-02 00:20:32,218 [INFO] PluginManage:302 - Check plugin filemanager
2023-11-02 00:20:32,355 [INFO] PluginManage:352 - Loaded plugin filemanager (category:base,tabindex:10)
2023-11-02 00:20:32,355 [INFO] PluginManage:302 - Check plugin ipmanager
2023-11-02 00:20:32,370 [INFO] PluginManage:352 - Loaded plugin ipmanager (category:base,tabindex:5)
2023-11-02 00:20:32,370 [INFO] PluginManage:302 - Check plugin pinoutandconfiguration
2023-11-02 00:20:32,385 [INFO] PluginManage:352 - Loaded plugin pinoutandconfiguration (category:base,tabindex:1)
2023-11-02 00:20:32,385 [INFO] PluginManage:302 - Check plugin pinoutconfig
2023-11-02 00:20:32,416 [INFO] PluginManage:352 - Loaded plugin pinoutconfig (category:base,tabindex:0)
2023-11-02 00:20:32,416 [INFO] PluginManage:302 - Check plugin power
2023-11-02 00:20:32,416 [INFO] PluginManage:352 - Loaded plugin power (category:power,tabindex:4)
2023-11-02 00:20:32,432 [INFO] PluginManage:302 - Check plugin projectmanager
2023-11-02 00:20:32,449 [INFO] PluginManage:352 - Loaded plugin projectmanager (category:projectmanager,tabindex:3)
2023-11-02 00:20:32,449 [INFO] PluginManage:302 - Check plugin thirdparty
2023-11-02 00:20:32,574 [INFO] PluginManage:352 - Loaded plugin thirdparty (category:base,tabindex:-1)
2023-11-02 00:20:32,574 [INFO] PluginManage:302 - Check plugin tools
2023-11-02 00:20:32,574 [WARN] IntegrityCheckThread:78 - waiting for thirdparty lock release [integrity check]
2023-11-02 00:20:32,574 [INFO] IntegrityCheckThread:80 - entering critical section [integrity check]
2023-11-02 00:20:32,574 [INFO] ThirdPartyUpdaterWithRetryManager:66 - Updater plugin not ready yet. [1/15]
2023-11-02 00:20:32,574 [INFO] PluginManage:352 - Loaded plugin tools (category:base,tabindex:7)
2023-11-02 00:20:32,574 [INFO] PluginManage:302 - Check plugin tutovideos
2023-11-02 00:20:32,880 [INFO] PluginManage:352 - Loaded plugin tutovideos (category:base,tabindex:-1)
2023-11-02 00:20:32,880 [INFO] PluginManage:302 - Check plugin updater
2023-11-02 00:20:32,900 [INFO] PluginManage:352 - Loaded plugin updater (category:base,tabindex:12)
2023-11-02 00:20:32,900 [INFO] PluginManage:275 - PluginManage : Loaded plugins [13]
2023-11-02 00:20:33,183 [INFO] PinOutPanel:1463 - setPackage(No Configuration,No Configuration)
2023-11-02 00:20:33,310 [INFO] IPUIPlugin:74 - create IPUIPlugin
2023-11-02 00:20:33,310 [INFO] PluginManager:213 - loadIPPluginJar : add adc
2023-11-02 00:20:33,310 [INFO] IPUIPlugin:74 - create IPUIPlugin
2023-11-02 00:20:33,325 [INFO] PluginManager:213 - loadIPPluginJar : add aes
2023-11-02 00:20:33,326 [INFO] IPUIPlugin:74 - create IPUIPlugin
2023-11-02 00:20:33,326 [INFO] PluginManager:213 - loadIPPluginJar : add can
2023-11-02 00:20:33,326 [INFO] IPUIPlugin:74 - create IPUIPlugin
2023-11-02 00:20:33,326 [INFO] PluginManager:213 - loadIPPluginJar : add comp
2023-11-02 00:20:33,334 [INFO] IPUIPlugin:74 - create IPUIPlugin
2023-11-02 00:20:33,334 [INFO] PluginManager:213 - loadIPPluginJar : add cryp
2023-11-02 00:20:33,334 [INFO] IPUIPlugin:74 - create IPUIPlugin
2023-11-02 00:20:33,334 [INFO] PluginManager:213 - loadIPPluginJar : add dfsdm
2023-11-02 00:20:33,342 [INFO] IPUIPlugin:74 - create IPUIPlugin
2023-11-02 00:20:33,342 [INFO] PluginManager:213 - loadIPPluginJar : add dma
2023-11-02 00:20:33,342 [INFO] IPUIPlugin:74 - create IPUIPlugin
2023-11-02 00:20:33,342 [INFO] PluginManager:213 - loadIPPluginJar : add dma3
2023-11-02 00:20:33,350 [INFO] IPUIPlugin:74 - create IPUIPlugin
2023-11-02 00:20:33,350 [INFO] PluginManager:213 - loadIPPluginJar : add fatfs
2023-11-02 00:20:33,350 [INFO] IPUIPlugin:74 - create IPUIPlugin
2023-11-02 00:20:33,350 [INFO] PluginManager:213 - loadIPPluginJar : add fmc
2023-11-02 00:20:33,358 [INFO] IPUIPlugin:74 - create IPUIPlugin
2023-11-02 00:20:33,358 [INFO] PluginManager:213 - loadIPPluginJar : add freertos
2023-11-02 00:20:33,358 [INFO] IPUIPlugin:74 - create IPUIPlugin
2023-11-02 00:20:33,358 [INFO] PluginManager:213 - loadIPPluginJar : add genericplugin
2023-11-02 00:20:33,358 [INFO] IPUIPlugin:74 - create IPUIPlugin
2023-11-02 00:20:33,358 [INFO] PluginManager:213 - loadIPPluginJar : add gfxmmu
2023-11-02 00:20:33,374 [INFO] IPUIPlugin:74 - create IPUIPlugin
2023-11-02 00:20:33,374 [INFO] PluginManager:213 - loadIPPluginJar : add gic
2023-11-02 00:20:33,374 [INFO] IPUIPlugin:74 - create IPUIPlugin
2023-11-02 00:20:33,374 [INFO] PluginManager:213 - loadIPPluginJar : add gpio
2023-11-02 00:20:33,374 [INFO] IPUIPlugin:74 - create IPUIPlugin
2023-11-02 00:20:33,374 [INFO] PluginManager:213 - loadIPPluginJar : add gtzc
2023-11-02 00:20:33,374 [INFO] IPUIPlugin:74 - create IPUIPlugin
2023-11-02 00:20:33,374 [INFO] PluginManager:213 - loadIPPluginJar : add hash
2023-11-02 00:20:33,389 [INFO] IPUIPlugin:74 - create IPUIPlugin
2023-11-02 00:20:33,389 [INFO] PluginManager:213 - loadIPPluginJar : add i2c
2023-11-02 00:20:33,389 [INFO] IPUIPlugin:74 - create IPUIPlugin
2023-11-02 00:20:33,389 [INFO] PluginManager:213 - loadIPPluginJar : add i2s
2023-11-02 00:20:33,389 [INFO] IPUIPlugin:74 - create IPUIPlugin
2023-11-02 00:20:33,389 [INFO] PluginManager:213 - loadIPPluginJar : add ipddr
2023-11-02 00:20:33,401 [INFO] IPUIPlugin:74 - create IPUIPlugin
2023-11-02 00:20:33,406 [INFO] PluginManager:213 - loadIPPluginJar : add linkedlist
2023-11-02 00:20:33,406 [INFO] IPUIPlugin:74 - create IPUIPlugin
2023-11-02 00:20:33,406 [INFO] PluginManager:213 - loadIPPluginJar : add lorawan
2023-11-02 00:20:33,406 [INFO] IPUIPlugin:74 - create IPUIPlugin
2023-11-02 00:20:33,406 [INFO] PluginManager:213 - loadIPPluginJar : add ltdc
2023-11-02 00:20:33,406 [INFO] IPUIPlugin:74 - create IPUIPlugin
2023-11-02 00:20:33,406 [INFO] PluginManager:213 - loadIPPluginJar : add mdma
2023-11-02 00:20:33,421 [INFO] IPUIPlugin:74 - create IPUIPlugin
2023-11-02 00:20:33,421 [INFO] PluginManager:213 - loadIPPluginJar : add nvic
2023-11-02 00:20:33,421 [INFO] IPUIPlugin:74 - create IPUIPlugin
2023-11-02 00:20:33,421 [INFO] PluginManager:213 - loadIPPluginJar : add opamp
2023-11-02 00:20:33,421 [INFO] IPUIPlugin:74 - create IPUIPlugin
2023-11-02 00:20:33,421 [INFO] PluginManager:213 - loadIPPluginJar : add openamp
2023-11-02 00:20:33,421 [INFO] IPUIPlugin:74 - create IPUIPlugin
2023-11-02 00:20:33,421 [INFO] PluginManager:213 - loadIPPluginJar : add pdm2pcm
2023-11-02 00:20:33,437 [INFO] IPUIPlugin:74 - create IPUIPlugin
2023-11-02 00:20:33,437 [INFO] PluginManager:213 - loadIPPluginJar : add plateformsettings
2023-11-02 00:20:33,437 [INFO] IPUIPlugin:74 - create IPUIPlugin
2023-11-02 00:20:33,437 [INFO] PluginManager:213 - loadIPPluginJar : add quadspi
2023-11-02 00:20:33,452 [INFO] IPUIPlugin:74 - create IPUIPlugin
2023-11-02 00:20:33,454 [INFO] PluginManager:213 - loadIPPluginJar : add resmgrutility
2023-11-02 00:20:33,454 [INFO] IPUIPlugin:74 - create IPUIPlugin
2023-11-02 00:20:33,454 [INFO] PluginManager:213 - loadIPPluginJar : add sai
2023-11-02 00:20:33,454 [INFO] IPUIPlugin:74 - create IPUIPlugin
2023-11-02 00:20:33,454 [INFO] PluginManager:213 - loadIPPluginJar : add spi
2023-11-02 00:20:33,454 [INFO] IPUIPlugin:74 - create IPUIPlugin
2023-11-02 00:20:33,454 [INFO] PluginManager:213 - loadIPPluginJar : add stm32_wpan
2023-11-02 00:20:33,469 [INFO] IPUIPlugin:74 - create IPUIPlugin
2023-11-02 00:20:33,469 [INFO] PluginManager:213 - loadIPPluginJar : add tim
2023-11-02 00:20:33,469 [INFO] IPUIPlugin:74 - create IPUIPlugin
2023-11-02 00:20:33,469 [INFO] PluginManager:213 - loadIPPluginJar : add touchsensing
2023-11-02 00:20:33,469 [INFO] IPUIPlugin:74 - create IPUIPlugin
2023-11-02 00:20:33,469 [INFO] PluginManager:213 - loadIPPluginJar : add tracer_emb
2023-11-02 00:20:33,469 [INFO] IPUIPlugin:74 - create IPUIPlugin
2023-11-02 00:20:33,469 [INFO] PluginManager:213 - loadIPPluginJar : add ts
2023-11-02 00:20:33,469 [INFO] IPUIPlugin:74 - create IPUIPlugin
2023-11-02 00:20:33,469 [INFO] PluginManager:213 - loadIPPluginJar : add tsc
2023-11-02 00:20:33,469 [INFO] IPUIPlugin:74 - create IPUIPlugin
2023-11-02 00:20:33,469 [INFO] PluginManager:213 - loadIPPluginJar : add ucpd
2023-11-02 00:20:33,485 [INFO] IPUIPlugin:74 - create IPUIPlugin
2023-11-02 00:20:33,485 [INFO] PluginManager:213 - loadIPPluginJar : add usart
2023-11-02 00:20:33,485 [INFO] IPUIPlugin:74 - create IPUIPlugin
2023-11-02 00:20:33,485 [INFO] PluginManager:213 - loadIPPluginJar : add usbx
2023-11-02 00:20:33,976 [FATAL] Updater:294 - Updater called before beeing initialized
2023-11-02 00:20:34,118 [FATAL] Updater:294 - Updater called before beeing initialized
2023-11-02 00:20:34,118 [INFO] DbMcusAds:47 - JSON generation date=Tue Mar 07 15:50:55 ICT 2023 (1678179055335)
2023-11-02 00:20:34,118 [FATAL] Updater:294 - Updater called before beeing initialized
2023-11-02 00:20:34,182 [WARN] DetailPanel:314 - Failed to get advertising image, set to default
2023-11-02 00:20:34,357 [FATAL] Updater:294 - Updater called before beeing initialized
2023-11-02 00:20:34,357 [FATAL] Updater:294 - Updater called before beeing initialized
2023-11-02 00:20:34,357 [FATAL] Updater:294 - Updater called before beeing initialized
2023-11-02 00:20:34,365 [WARN] DetailPanel:314 - Failed to get advertising image, set to default
2023-11-02 00:20:34,366 [FATAL] Updater:294 - Updater called before beeing initialized
2023-11-02 00:20:34,469 [ERROR] Updater:1075 - MainUpdater not yet initialized. External WinMGr cannot be set.
2023-11-02 00:20:34,469 [INFO] Updater:1012 - Updater Version found : 6.3.0
2023-11-02 00:20:34,503 [INFO] ApplicationProperties:181 - Using Application install path: D:\DaiHoc\HK5\VXL\stm32cubeide_1.7.0\STM32CubeIDE\plugins\com.st.stm32cube.common.mx_6.3.0.202107141111
2023-11-02 00:20:35,241 [INFO] MainUpdater:2671 - connection check result : 10
2023-11-02 00:20:35,241 [INFO] MainUpdater:265 - Updater Check For Update Now.
2023-11-02 00:20:35,241 [INFO] MicroXplorer:478 - Change Database Version : DB.6.0.30
2023-11-02 00:20:35,568 [INFO] CheckServerUpdateThread:112 - End of CheckServer Thread
2023-11-02 00:20:35,569 [INFO] MainUpdater:2671 - connection check result : 10
2023-11-02 00:20:35,804 [ERROR] Engine:463 - C:\Users\Admin\.stm32cubemx\thirdparties\pdsc\STMicroelectronics.X-CUBE-SMBUS.2.1.0.pdsc: PDSC version is not supported
2023-11-02 00:20:35,880 [INFO] McuFinderGlobals:52 - Set McuFinderConnectedMode to false
2023-11-02 00:20:35,916 [WARN] PackLoader:238 - Cannot read IP mode file for STMicroelectronics.X-CUBE-AZRTOS-F7.1.1.0
2023-11-02 00:20:35,935 [ERROR] Engine:463 - C:\Users\Admin\.stm32cubemx\thirdparties\pdsc\STMicroelectronics.FP-SNS-MOTENV1.4.3.2.pdsc: PDSC version is not supported
2023-11-02 00:20:35,939 [ERROR] Engine:463 - C:\Users\Admin\.stm32cubemx\thirdparties\pdsc\STMicroelectronics.FP-SNS-FLIGHT1.5.0.2.pdsc: PDSC version is not supported
2023-11-02 00:20:35,948 [ERROR] Engine:463 - C:\Users\Admin\.stm32cubemx\thirdparties\pdsc\STMicroelectronics.X-CUBE-DISPLAY.3.0.0.pdsc: PDSC version is not supported
2023-11-02 00:20:35,948 [WARN] PackLoader:238 - Cannot read IP mode file for STMicroelectronics.X-CUBE-BLE1.7.0.0
2023-11-02 00:20:35,963 [ERROR] Engine:463 - C:\Users\Admin\.stm32cubemx\thirdparties\pdsc\emotas.I-CUBE-CANOPEN.1.3.0.pdsc: PDSC version is not supported
2023-11-02 00:20:35,963 [WARN] PackLoader:238 - Cannot read IP mode file for STMicroelectronics.X-CUBE-TOUCHGFX.4.22.0
2023-11-02 00:20:35,963 [WARN] PackLoader:238 - Cannot read IP mode file for STMicroelectronics.X-CUBE-TOUCHGFX.4.22.1
2023-11-02 00:20:35,980 [ERROR] Engine:463 - C:\Users\Admin\.stm32cubemx\thirdparties\pdsc\STMicroelectronics.FP-SNS-SMARTAG2.1.2.0.pdsc: PDSC version is not supported
2023-11-02 00:20:35,996 [INFO] LogOutputStream:76 - [STDOUT_REDIRECT] 1 : Invalid condition id : UX_CORESTACK_Condition cause : null
2023-11-02 00:20:36,003 [INFO] LogOutputStream:76 - [STDOUT_REDIRECT] 1 : Invalid condition id : UX_CORESTACK_Condition cause : null
2023-11-02 00:20:36,005 [INFO] LogOutputStream:76 - [STDOUT_REDIRECT] 1 : Invalid condition id : UX_CORESTACK_Condition cause : null
2023-11-02 00:20:36,008 [INFO] LogOutputStream:76 - [STDOUT_REDIRECT] 1 : Invalid condition id : UX_CORESTACK_Condition cause : null
2023-11-02 00:20:36,011 [INFO] LogOutputStream:76 - [STDOUT_REDIRECT] 1 : Invalid condition id : UX_CORESTACK_Condition cause : null
2023-11-02 00:20:36,011 [WARN] PackLoader:238 - Cannot read IP mode file for STMicroelectronics.X-CUBE-AZRTOS-WL.2.0.0
2023-11-02 00:20:36,026 [WARN] PackLoader:238 - Cannot read IP mode file for WES.I-CUBE-Cesium.1.3.0
2023-11-02 00:20:36,042 [WARN] PackLoader:238 - Cannot read IP mode file for STMicroelectronics.X-CUBE-BLE2.3.3.0
2023-11-02 00:20:36,058 [WARN] PackLoader:238 - Cannot read IP mode file for STMicroelectronics.X-CUBE-ALGOBUILD.1.3.0
2023-11-02 00:20:36,058 [INFO] CrossSelectorPresenter:1330 - Cross Selector saved comparison directory: C:\Users\Admin\.stmcufinder\plugins\mcufinder\mcu\cs_comparisons_mx
2023-11-02 00:20:36,058 [INFO] MultiScanPanel:197 - Auto-refresh data requested => check proxy status ongoing
2023-11-02 00:20:36,058 [INFO] MultiScanPanel:201 - Proxy status is invalid
2023-11-02 00:20:36,074 [INFO] FinderPluginLoader:87 - Searching for filters in installed packs
2023-11-02 00:20:36,078 [INFO] DbMcusXml:100 - Load MCU database from D:\DaiHoc\HK5\VXL\stm32cubeide_1.7.0\STM32CubeIDE\plugins\com.st.stm32cube.common.mx_6.3.0.202107141111\\db\/mcu/families.xml
2023-11-02 00:20:36,078 [WARN] PackLoader:238 - Cannot read IP mode file for STMicroelectronics.X-CUBE-AZRTOS-G0.1.1.0
2023-11-02 00:20:36,089 [WARN] PackLoader:238 - Cannot read IP mode file for STMicroelectronics.X-CUBE-NFC4.3.0.0
2023-11-02 00:20:36,089 [ERROR] Engine:463 - C:\Users\Admin\.stm32cubemx\thirdparties\pdsc\STMicroelectronics.X-CUBE-BLEMGR.3.0.0.pdsc: PDSC version is not supported
2023-11-02 00:20:36,106 [WARN] PackLoader:238 - Cannot read IP mode file for STMicroelectronics.FP-ATR-SIGFOX1.3.2.0
2023-11-02 00:20:36,138 [WARN] PackLoader:238 - Cannot read IP mode file for SEGGER.I-CUBE-embOS.1.3.1
2023-11-02 00:20:36,201 [WARN] PackLoader:238 - Cannot read IP mode file for STMicroelectronics.X-CUBE-GNSS1.6.0.0
2023-11-02 00:20:36,217 [WARN] PackLoader:238 - Cannot read IP mode file for STMicroelectronics.X-CUBE-AZRTOS-F4.1.1.0
2023-11-02 00:20:36,233 [WARN] PackLoader:238 - Cannot read IP mode file for wolfSSL.I-CUBE-wolfSSL.5.6.3
2023-11-02 00:20:36,311 [WARN] PackLoader:238 - Cannot read IP mode file for STMicroelectronics.X-CUBE-AZRTOS-L5.2.0.0
2023-11-02 00:20:36,415 [WARN] PackLoader:238 - Cannot read IP mode file for STMicroelectronics.X-CUBE-MEMS1.9.6.0
2023-11-02 00:20:36,705 [WARN] PackLoader:238 - Cannot read IP mode file for STMicroelectronics.X-CUBE-EEPRMA1.4.2.0
2023-11-02 00:20:36,705 [ERROR] Engine:463 - C:\Users\Admin\.stm32cubemx\thirdparties\pdsc\ITTIA_DB.I-CUBE-ITTIADB.8.8.0.pdsc: PDSC version is not supported
2023-11-02 00:20:36,723 [WARN] PackLoader:238 - Cannot read IP mode file for STMicroelectronics.X-CUBE-BLEMGR.2.0.0
2023-11-02 00:20:36,763 [WARN] ConditionMgr:437 - getConditionDescription Invalid condition id : UX DEVICE CLASS RTOS Condition cause : null
2023-11-02 00:20:36,763 [WARN] ConditionMgr:437 - getConditionDescription Invalid condition id : UX DEVICE CLASS RTOS Condition cause : null
2023-11-02 00:20:36,763 [WARN] PackLoader:238 - Cannot read IP mode file for STMicroelectronics.X-CUBE-AZRTOS-H7.3.1.0
2023-11-02 00:20:36,763 [WARN] ConditionMgr:1038 - genDependencies : Invalid condition id : UX DEVICE CLASS RTOS Condition cause : null
2023-11-02 00:20:36,763 [WARN] ConditionMgr:1038 - genDependencies : Invalid condition id : UX DEVICE CLASS RTOS Condition cause : null
2023-11-02 00:20:36,763 [WARN] ConditionMgr:1038 - genDependencies : Invalid condition id : UX DEVICE CLASS RTOS Condition cause : null
2023-11-02 00:20:36,763 [WARN] ConditionMgr:1038 - genDependencies : Invalid condition id : UX DEVICE CLASS RTOS Condition cause : null
2023-11-02 00:20:36,763 [WARN] ConditionMgr:1038 - genDependencies : Invalid condition id : UX DEVICE CLASS RTOS Condition cause : null
2023-11-02 00:20:36,779 [WARN] PackLoader:238 - Cannot read IP mode file for STMicroelectronics.X-CUBE-NFC7.1.0.1
2023-11-02 00:20:36,794 [WARN] PackLoader:238 - Cannot read IP mode file for STMicroelectronics.X-CUBE-NFC6.3.0.0
2023-11-02 00:20:36,806 [WARN] PackLoader:238 - Cannot read IP mode file for STMicroelectronics.X-CUBE-EEPRMA1.4.1.0
2023-11-02 00:20:36,810 [WARN] PackLoader:238 - Cannot read IP mode file for STMicroelectronics.X-CUBE-AI.8.1.0
2023-11-02 00:20:36,844 [WARN] ConditionMgr:437 - getConditionDescription Invalid condition id : LAN8742 Phy interface Condition cause : null
2023-11-02 00:20:36,844 [WARN] PackLoader:238 - Cannot read IP mode file for STMicroelectronics.X-CUBE-AZRTOS-L4.2.0.0
2023-11-02 00:20:36,844 [WARN] ConditionMgr:1038 - genDependencies : Invalid condition id : LAN8742 Phy interface Condition cause : null
2023-11-02 00:20:36,844 [WARN] ConditionMgr:1038 - genDependencies : Invalid condition id : LAN8742 Phy interface Condition cause : null
2023-11-02 00:20:36,844 [WARN] ConditionMgr:1038 - genDependencies : Invalid condition id : LAN8742 Phy interface Condition cause : null
2023-11-02 00:20:36,859 [WARN] PackLoader:238 - Cannot read IP mode file for STMicroelectronics.X-CUBE-SFXS2LP1.4.0.0
2023-11-02 00:20:36,874 [WARN] PackLoader:238 - Cannot read IP mode file for STMicroelectronics.X-CUBE-ISPU.1.1.0
2023-11-02 00:20:36,890 [WARN] ConditionMgr:437 - getConditionDescription Invalid condition id : UX DEVICE CLASS RTOS Condition cause : null
2023-11-02 00:20:36,890 [WARN] ConditionMgr:437 - getConditionDescription Invalid condition id : UX DEVICE CLASS RTOS Condition cause : null
2023-11-02 00:20:36,890 [WARN] PackLoader:238 - Cannot read IP mode file for STMicroelectronics.X-CUBE-AZRTOS-WB.2.0.0
2023-11-02 00:20:36,890 [WARN] ConditionMgr:1038 - genDependencies : Invalid condition id : UX DEVICE CLASS RTOS Condition cause : null
2023-11-02 00:20:36,890 [WARN] ConditionMgr:1038 - genDependencies : Invalid condition id : UX DEVICE CLASS RTOS Condition cause : null
2023-11-02 00:20:36,890 [WARN] ConditionMgr:1038 - genDependencies : Invalid condition id : UX DEVICE CLASS RTOS Condition cause : null
2023-11-02 00:20:36,890 [WARN] ConditionMgr:1038 - genDependencies : Invalid condition id : UX DEVICE CLASS RTOS Condition cause : null
2023-11-02 00:20:36,890 [WARN] ConditionMgr:1038 - genDependencies : Invalid condition id : UX DEVICE CLASS RTOS Condition cause : null
2023-11-02 00:20:36,926 [WARN] PackLoader:238 - Cannot read IP mode file for STMicroelectronics.X-CUBE-SUBG2.5.0.0
2023-11-02 00:20:36,942 [ERROR] Engine:463 - C:\Users\Admin\.stm32cubemx\thirdparties\pdsc\STMicroelectronics.X-CUBE-TOF1.3.3.1.pdsc: PDSC version is not supported
2023-11-02 00:20:36,975 [WARN] PackLoader:238 - Cannot read IP mode file for STMicroelectronics.X-CUBE-AZRTOS-G4.2.0.0
2023-11-02 00:20:36,990 [ERROR] Engine:463 - C:\Users\Admin\.stm32cubemx\thirdparties\pdsc\Infineon.AIROC-Wi-Fi-Bluetooth-STM32.1.5.1.pdsc: PDSC version is not supported
2023-11-02 00:20:37,069 [WARN] PackLoader:238 - Cannot read IP mode file for STMicroelectronics.X-CUBE-MEMS1.10.0.0
2023-11-02 00:20:37,149 [INFO] DbMcusJson:93 - JSON generation date=Tue Nov 16 23:17:54 ICT 2021 (1637079474)
2023-11-02 00:20:37,345 [ERROR] Engine:463 - C:\Users\Admin\.stm32cubemx\thirdparties\pdsc\STMicroelectronics.X-CUBE-FREERTOS.1.1.0.pdsc: PDSC version is not supported
2023-11-02 00:20:37,351 [WARN] PackLoader:238 - Cannot read IP mode file for portGmbH.I-Cube-SoM-uGOAL.1.1.0
2023-11-02 00:20:37,351 [WARN] PackLoader:238 - Cannot read IP mode file for STMicroelectronics.X-CUBE-ALS.1.0.1
2023-11-02 00:20:37,367 [WARN] PackLoader:238 - Cannot read IP mode file for STMicroelectronics.FP-ATR-ASTRA1.2.0.0
2023-11-02 00:20:37,367 [INFO] ThirdParty:915 - Integrity check success = true
2023-11-02 00:20:37,367 [INFO] IntegrityCheckThread:94 - exiting critical section [integrity check]
2023-11-02 00:20:37,367 [INFO] IntegrityCheckThread:97 - End integrity checks thread
2023-11-02 00:20:37,940 [INFO] DbMcus:175 - Found 1951 MCUs (1903 are supported by CubeMX, 1914 are visible in CubeMX)
2023-11-02 00:20:37,940 [INFO] ApiDb:251 - Load user favorites file C:\Users\Admin/.stm32cubeide/favorites.mcus.txt: 0 item(s)
2023-11-02 00:20:37,940 [INFO] ApiDb:255 - User favorites MCUs=[]
2023-11-02 00:20:37,940 [INFO] DbMcus:187 - Set 0 / 0 favorites MCUs
2023-11-02 00:20:38,708 [INFO] DetailPanel:309 - Set advertising image to C:/Users/Admin/STM32Cube/Repository/\en.prom-stm32h5-mcu-finder.jpg
2023-11-02 00:20:39,224 [INFO] DbBoardsPdsc:90 - Found 25 items
2023-11-02 00:20:39,234 [INFO] DbBoardsPdsc:90 - Found 9 items
2023-11-02 00:20:39,234 [INFO] DbBoardsPdsc:90 - Found 33 items
2023-11-02 00:20:39,234 [INFO] DbBoardsPdsc:90 - Found 1 items
2023-11-02 00:20:39,248 [INFO] DbBoardsPdsc:90 - Found 48 items
2023-11-02 00:20:39,248 [INFO] DbBoardsPdsc:90 - Found 43 items
2023-11-02 00:20:39,248 [INFO] DbBoardsPdsc:90 - Found 2 items
2023-11-02 00:20:39,248 [INFO] DbBoardsPdsc:90 - Found 5 items
2023-11-02 00:20:39,264 [WARN] DbBoardsPdsc:254 - Board STM32H7B3I-DK: unknown feature type=Audio, name=, username=Audio stereo codec with Headphone Amp (CS42L51-CNZ), n=1
2023-11-02 00:20:39,264 [WARN] DbBoardsPdsc:254 - Board STM32H735G-DK: unknown feature type=Audio, name=, username=Audio stereo codec with Headphone Amp (WM8994ECS/R), n=1
2023-11-02 00:20:39,264 [WARN] DbBoardsPdsc:254 - Board STM32H7B3I-EVAL: unknown feature type=Audio, name=, username=Multi-Channel Audio Codec (CS42L51-CNZ), n=1
2023-11-02 00:20:39,264 [WARN] DbBoardsPdsc:254 - Board STM32H7B3I-EVAL: unknown feature type=Meter, name=, username=Power-metering and Temperature-monitoring with sigma-delta modulators, n=1
2023-11-02 00:20:39,264 [WARN] DbBoardsPdsc:254 - Board STM32H7B3I-EVAL: unknown feature type=Motor, name=, username=Motor Control, n=1
2023-11-02 00:20:39,264 [WARN] DbBoardsPdsc:254 - Board STM32U575I-EV: unknown feature type=joystick, name=, username=4-direction joystick with selection button, n=1
2023-11-02 00:20:39,311 [INFO] DbBoardsJson:86 - JSON generation date=Tue Nov 16 23:17:54 ICT 2021 (1637079474)
2023-11-02 00:20:39,311 [INFO] DbBoards:117 - Found 167 boards (163 are supported by CubeMX)
2023-11-02 00:20:39,311 [INFO] DbBoardsDocs:143 - JSON generation date=Tue Nov 16 23:17:54 ICT 2021 (1637079474)
2023-11-02 00:20:39,327 [INFO] DbBoardsDocs:79 - Found 209 boards documents
2023-11-02 00:20:39,327 [WARN] DbBoards:127 - board B-L475E-IOT01A2 has no document id list !
2023-11-02 00:20:39,327 [WARN] DbBoards:127 - board NUCLEO-H743ZI has no document id list !
2023-11-02 00:20:39,327 [WARN] DbBoards:127 - board NUCLEO-WL55JC2 has no document id list !
2023-11-02 00:20:39,327 [WARN] DbBoards:127 - board P-NUCLEO-WB55-Nucleo has no document id list !
2023-11-02 00:20:39,327 [WARN] DbBoards:127 - board P-NUCLEO-WB55-USBDongle has no document id list !
2023-11-02 00:20:39,327 [WARN] DbBoards:127 - board STEVAL-BFA001V1B has no document id list !
2023-11-02 00:20:39,327 [WARN] DbBoards:127 - board STEVAL-BFA001V2B has no document id list !
2023-11-02 00:20:39,327 [WARN] DbBoards:127 - board STEVAL-IDP005V1 has no document id list !
2023-11-02 00:20:39,327 [WARN] DbBoards:127 - board STEVAL-IDP005V2 has no document id list !
2023-11-02 00:20:39,327 [WARN] DbBoards:127 - board STEVAL-MKSBOX1V1 has no document id list !
2023-11-02 00:20:39,327 [WARN] DbBoards:127 - board STEVAL-STWINKT1 has no document id list !
2023-11-02 00:20:39,327 [WARN] DbBoards:127 - board STEVAL-STWINKT1B has no document id list !
2023-11-02 00:20:39,327 [WARN] DbBoards:127 - board STM32439I-EVAL2 has no document id list !
2023-11-02 00:20:39,327 [WARN] DbBoards:127 - board STM32F401C-DISCO has no document id list !
2023-11-02 00:20:39,327 [WARN] DbBoards:127 - board STM32F769I-DISC1 has no document id list !
2023-11-02 00:20:39,327 [WARN] DbBoards:127 - board STM32G474E-EVAL1 has no document id list !
2023-11-02 00:20:39,327 [WARN] DbBoards:127 - board STM32H743I-EVAL2 has no document id list !
2023-11-02 00:20:39,327 [WARN] DbBoards:127 - board STM32H747I-DISC1 has no document id list !
2023-11-02 00:20:39,327 [WARN] DbBoards:127 - board STM32H753I-EVAL2 has no document id list !
2023-11-02 00:20:39,327 [WARN] DbBoards:127 - board STM32L-DISCOVERY has no document id list !
2023-11-02 00:20:39,510 [ERROR] DbBoards:189 - Image file not found for board B-U585I-IOT02A: D:\DaiHoc\HK5\VXL\stm32cubeide_1.7.0\STM32CubeIDE\plugins\com.st.stm32cube.common.mx_6.3.0.202107141111\\db\/plugins/mcufinder/images/boards/B-U585I-IOT02A_small.jpg
2023-11-02 00:20:39,726 [ERROR] DbBoards:189 - Image file not found for board NUCLEO-F413ZH: D:\DaiHoc\HK5\VXL\stm32cubeide_1.7.0\STM32CubeIDE\plugins\com.st.stm32cube.common.mx_6.3.0.202107141111\\db\/plugins/mcufinder/images/boards/nucleo-f413zh_small.jpg
2023-11-02 00:20:40,091 [ERROR] DbBoards:189 - Image file not found for board NUCLEO-L552ZE-Q: D:\DaiHoc\HK5\VXL\stm32cubeide_1.7.0\STM32CubeIDE\plugins\com.st.stm32cube.common.mx_6.3.0.202107141111\\db\/plugins/mcufinder/images/boards/nucleo_l552ze_q_small.jpg
2023-11-02 00:20:40,091 [ERROR] DbBoards:189 - Image file not found for board NUCLEO-U575ZI-Q: D:\DaiHoc\HK5\VXL\stm32cubeide_1.7.0\STM32CubeIDE\plugins\com.st.stm32cube.common.mx_6.3.0.202107141111\\db\/plugins/mcufinder/images/boards/nucleo-u575zi-q_small.jpg
2023-11-02 00:20:40,091 [ERROR] DbBoards:189 - Image file not found for board NUCLEO-WB15CC: D:\DaiHoc\HK5\VXL\stm32cubeide_1.7.0\STM32CubeIDE\plugins\com.st.stm32cube.common.mx_6.3.0.202107141111\\db\/plugins/mcufinder/images/boards/nucleo-wb15cc_small.jpg
2023-11-02 00:20:40,091 [ERROR] DbBoards:189 - Image file not found for board NUCLEO-WB55RG: D:\DaiHoc\HK5\VXL\stm32cubeide_1.7.0\STM32CubeIDE\plugins\com.st.stm32cube.common.mx_6.3.0.202107141111\\db\/plugins/mcufinder/images/boards/nucleo-wb55rg_small.jpg
2023-11-02 00:20:42,332 [INFO] ApiDb:251 - Load user favorites file C:\Users\Admin/.stm32cubeide/favorites.boards.txt: 0 item(s)
2023-11-02 00:20:42,347 [INFO] ApiDb:255 - User favorites Boards=[]
2023-11-02 00:20:42,347 [INFO] DbBoards:206 - Set 0 / 0 favorites Boards
2023-11-02 00:21:00,973 [INFO] DbMcusDocs:143 - JSON generation date=Tue Nov 16 23:17:54 ICT 2021 (1637079474)
2023-11-02 00:21:01,496 [INFO] DbMcusDocs:79 - Found 682 MCUs documents
2023-11-02 00:22:17,886 [INFO] McuFinderGlobals:52 - Set McuFinderConnectedMode to true
2023-11-02 00:22:17,890 [INFO] ApiDb:276 - Save user favorites file C:\Users\Admin/.stm32cubeide/favorites.mcus.txt: 0 item(s)
2023-11-02 00:22:17,891 [INFO] ApiDb:280 - User favorites MCUs=[]
2023-11-02 00:23:35,571 [INFO] Activator:177 - 


2023-11-02 00:23:35,571 [INFO] Activator:178 - !SESSION log4j initialized
